<?xml version="1.0" encoding="utf-8"?><testsuites name="pytest tests"><testsuite name="pytest" errors="0" failures="0" skipped="0" tests="34" time="7.185" timestamp="2026-06-11T17:15:49.354567+00:00" hostname="agent-env-35018fb2-eb3f-49f6-8bdd-7129549b79cb"><testcase classname="test_lms_backend.TestHealth" name="test_root" time="0.252" /><testcase classname="test_lms_backend.TestAuth" name="test_register_and_token" time="0.368" /><testcase classname="test_lms_backend.TestAuth" name="test_register_duplicate" time="0.110" /><testcase classname="test_lms_backend.TestAuth" name="test_admin_login" time="0.375" /><testcase classname="test_lms_backend.TestAuth" name="test_login_wrong" time="0.346" /><testcase classname="test_lms_backend.TestAuth" name="test_me_admin" time="0.167" /><testcase classname="test_lms_backend.TestAuth" name="test_me_student" time="0.129" /><testcase classname="test_lms_backend.TestAuth" name="test_me_no_token" time="0.148" /><testcase classname="test_lms_backend.TestCourses" name="test_list_courses_public" time="0.160" /><testcase classname="test_lms_backend.TestCourses" name="test_categories" time="0.165" /><testcase classname="test_lms_backend.TestCourses" name="test_get_course_404" time="0.153" /><testcase classname="test_lms_backend.TestCourses" name="test_get_course_single" time="0.196" /><testcase classname="test_lms_backend.TestCourses" name="test_create_course_forbidden_for_student" time="0.102" /><testcase classname="test_lms_backend.TestCourses" name="test_course_crud_admin" time="0.564" /><testcase classname="test_lms_backend.TestEnrollmentsPayments" name="test_my_enrollments_initial" time="0.102" /><testcase classname="test_lms_backend.TestEnrollmentsPayments" name="test_free_course_auto_enroll" time="0.334" /><testcase classname="test_lms_backend.TestEnrollmentsPayments" name="test_paid_course_pending" time="0.218" /><testcase classname="test_lms_backend.TestEnrollmentsPayments" name="test_my_payments" time="0.109" /><testcase classname="test_lms_backend.TestEnrollmentsPayments" name="test_admin_list_payments_filter" time="0.105" /><testcase classname="test_lms_backend.TestEnrollmentsPayments" name="test_approve_payment_creates_enrollment" time="0.209" /><testcase classname="test_lms_backend.TestContent" name="test_content_blocked_for_non_enrolled" time="0.622" /><testcase classname="test_lms_backend.TestContent" name="test_admin_add_content_and_list" time="0.423" /><testcase classname="test_lms_backend.TestLive" name="test_admin_create_and_list" time="0.314" /><testcase classname="test_lms_backend.TestLive" name="test_student_live_list" time="0.120" /><testcase classname="test_lms_backend.TestPublicContent" name="test_settings_public" time="0.102" /><testcase classname="test_lms_backend.TestPublicContent" name="test_settings_update_admin" time="0.210" /><testcase classname="test_lms_backend.TestPublicContent" name="test_testimonials" time="0.102" /><testcase classname="test_lms_backend.TestPublicContent" name="test_faqs" time="0.095" /><testcase classname="test_lms_backend.TestAdmin" name="test_stats_admin" time="0.114" /><testcase classname="test_lms_backend.TestAdmin" name="test_stats_forbidden_student" time="0.112" /><testcase classname="test_lms_backend.TestAdmin" name="test_users_admin" time="0.099" /><testcase classname="test_lms_backend.TestContactNotifications" name="test_contact_submit" time="0.105" /><testcase classname="test_lms_backend.TestContactNotifications" name="test_notifications_list_student" time="0.096" /><testcase classname="test_lms_backend.TestContactNotifications" name="test_notifications_create_admin" time="0.113" /></testsuite></testsuites>